<?xml version="1.0" encoding="UTF-8"?>
<testsuite name="TestStringTemplates" tests="3" skipped="0" failures="0" errors="0" timestamp="2023-08-06T15:44:52" hostname="Krypton36.local" time="0.008">
  <properties/>
  <testcase name="match1" classname="TestStringTemplates" time="0.006"/>
  <testcase name="match" classname="TestStringTemplates" time="0.0"/>
  <testcase name="doNotMatch" classname="TestStringTemplates" time="0.001"/>
  <system-out><![CDATA[]]></system-out>
  <system-err><![CDATA[]]></system-err>
</testsuite>
