<?xml version="1.0" encoding="UTF-8"?>
<testsuite name="TestNamedArguments" tests="1" skipped="0" failures="0" errors="0" timestamp="2023-08-05T18:52:36" hostname="Krypton36.local" time="0.024">
  <properties/>
  <testcase name="testJoinToString" classname="TestNamedArguments" time="0.024"/>
  <system-out><![CDATA[]]></system-out>
  <system-err><![CDATA[]]></system-err>
</testsuite>
