<?xml version="1.0" encoding="UTF-8"?>
<testsuite name="Test" tests="2" skipped="0" failures="0" errors="0" timestamp="2023-08-08T23:02:12" hostname="Krypton36.local" time="0.008">
  <properties/>
  <testcase name="testNegative" classname="Test" time="0.008"/>
  <testcase name="testLargeNumber" classname="Test" time="0.0"/>
  <system-out><![CDATA[]]></system-out>
  <system-err><![CDATA[]]></system-err>
</testsuite>
