<?xml version="1.0" encoding="UTF-8"?>
<testsuite name="TestDataClasses" tests="2" skipped="0" failures="0" errors="0" timestamp="2023-08-08T23:59:37" hostname="Krypton36.local" time="0.019">
  <properties/>
  <testcase name="testComparePeople" classname="TestDataClasses" time="0.004"/>
  <testcase name="testListOfPeople" classname="TestDataClasses" time="0.015"/>
  <system-out><![CDATA[]]></system-out>
  <system-err><![CDATA[]]></system-err>
</testsuite>
